<?xml version="1.0" encoding="UTF-8"?>
<!-- Generated by org.testng.reporters.JUnitReportReporter -->
<testsuite hostname="Phani" failures="0" tests="1" name="com.datadriven.test.DataDrivenTest" time="19.128" errors="0" timestamp="2023-06-01T23:07:37 EDT" skipped="0">
  <testcase classname="com.datadriven.test.DataDrivenTest" name="test1" time="19.128"/>
</testsuite> <!-- com.datadriven.test.DataDrivenTest -->
